<?xml version="1.0" encoding="UTF-8"?>
<!-- Generated by org.testng.reporters.JUnitXMLReporter -->
<testsuite ignored="0" hostname="EQANIM06" failures="0" tests="4" name="Test" time="55.686" errors="0" timestamp="2022-04-14T15:36:37 IST">
  <testcase classname="Tests.PublicHomePage" name="Login_Sponsor_California" time="17.842"/>
  <testcase classname="Tests.PublicHomePage" name="Login_FSA_California" time="11.297"/>
  <testcase classname="Tests.PublicHomePage" name="Login_MM_California" time="10.987"/>
  <testcase classname="Tests.PublicHomePage" name="Login_EA_California" time="11.377"/>
</testsuite> <!-- Test -->
