<?xml version="1.0" encoding="UTF-8"?>
<testng-results ignored="0" total="1" passed="1" failed="0" skipped="0">
  <reporter-output>
  </reporter-output>
  <suite started-at="2022-04-18T14:57:37 IST" name="Default suite" finished-at="2022-04-18T14:58:27 IST" duration-ms="50523">
    <groups>
    </groups>
    <test started-at="2022-04-18T14:57:37 IST" name="Default test" finished-at="2022-04-18T14:58:27 IST" duration-ms="50523">
      <class name="Tests.CreateEventTest">
        <test-method is-config="true" signature="start()[pri:0, instance:Tests.CreateEventTest@62df0ff3]" started-at="2022-04-18T14:57:37 IST" name="start" finished-at="2022-04-18T14:57:37 IST" duration-ms="19" status="PASS">
          <reporter-output>
          </reporter-output>
        </test-method> <!-- start -->
        <test-method is-config="true" signature="initialize()[pri:0, instance:Tests.CreateEventTest@62df0ff3]" started-at="2022-04-18T14:57:37 IST" name="initialize" finished-at="2022-04-18T14:57:38 IST" duration-ms="1829" status="PASS">
          <reporter-output>
          </reporter-output>
        </test-method> <!-- initialize -->
        <test-method signature="createNewEvent()[pri:0, instance:Tests.CreateEventTest@62df0ff3]" started-at="2022-04-18T14:57:38 IST" name="createNewEvent" finished-at="2022-04-18T14:58:27 IST" duration-ms="48506" status="PASS">
          <reporter-output>
          </reporter-output>
        </test-method> <!-- createNewEvent -->
      </class> <!-- Tests.CreateEventTest -->
    </test> <!-- Default test -->
  </suite> <!-- Default suite -->
</testng-results>
