<?xml version="1.0" encoding="UTF-8"?>
<testng-results ignored="0" total="1" passed="1" failed="0" skipped="0">
  <reporter-output>
  </reporter-output>
  <suite started-at="2022-04-20T15:22:03 IST" name="Default suite" finished-at="2022-04-20T15:23:19 IST" duration-ms="76324">
    <groups>
    </groups>
    <test started-at="2022-04-20T15:22:03 IST" name="Default test" finished-at="2022-04-20T15:23:19 IST" duration-ms="76324">
      <class name="Tests.CreateEventTest">
        <test-method is-config="true" signature="start()[pri:0, instance:Tests.CreateEventTest@25fb8912]" started-at="2022-04-20T15:22:03 IST" name="start" finished-at="2022-04-20T15:22:03 IST" duration-ms="6" status="PASS">
          <reporter-output>
          </reporter-output>
        </test-method> <!-- start -->
        <test-method is-config="true" signature="initialize()[pri:0, instance:Tests.CreateEventTest@25fb8912]" started-at="2022-04-20T15:22:03 IST" name="initialize" finished-at="2022-04-20T15:22:05 IST" duration-ms="1494" status="PASS">
          <reporter-output>
          </reporter-output>
        </test-method> <!-- initialize -->
        <test-method signature="createNewEvent()[pri:0, instance:Tests.CreateEventTest@25fb8912]" started-at="2022-04-20T15:22:05 IST" name="createNewEvent" finished-at="2022-04-20T15:23:19 IST" duration-ms="74179" status="PASS">
          <reporter-output>
          </reporter-output>
        </test-method> <!-- createNewEvent -->
      </class> <!-- Tests.CreateEventTest -->
    </test> <!-- Default test -->
  </suite> <!-- Default suite -->
</testng-results>
